<?xml version="1.0" encoding="UTF-8"?>
<!-- Generated by org.testng.reporters.JUnitReportReporter -->
<testsuite hostname="DESKTOP-AT14V6R" failures="0" tests="3" name="paralleltesting.testclass1" time="0.036" errors="0" timestamp="2022-11-01T16:24:30 IST" skipped="0">
  <testcase classname="paralleltesting.testclass1" name="tc03" time="0.002"/>
  <system-out/>
  <testcase classname="paralleltesting.testclass1" name="tc02" time="0.021"/>
  <system-out/>
  <testcase classname="paralleltesting.testclass1" name="tc01" time="0.013"/>
  <system-out/>
</testsuite> <!-- paralleltesting.testclass1 -->
