<?xml version="1.0" encoding="UTF-8"?>
<!-- Generated by org.testng.reporters.JUnitReportReporter -->
<testsuite hostname="DESKTOP-AT14V6R" failures="0" tests="4" name="FailedTestcase.CaptureScreenshotoffailedtestcase" time="0.014" errors="0" timestamp="2022-11-07T19:36:47 IST" skipped="0">
  <testcase classname="FailedTestcase.CaptureScreenshotoffailedtestcase" name="TC01" time="0.007"/>
  <system-out/>
  <testcase classname="FailedTestcase.CaptureScreenshotoffailedtestcase" name="TC03" time="0.001"/>
  <system-out/>
  <testcase classname="FailedTestcase.CaptureScreenshotoffailedtestcase" name="TC04" time="0.001"/>
  <system-out/>
  <testcase classname="FailedTestcase.CaptureScreenshotoffailedtestcase" name="TC02" time="0.005"/>
  <system-out/>
</testsuite> <!-- FailedTestcase.CaptureScreenshotoffailedtestcase -->
