<?xml version="1.0" encoding="UTF-8"?>
<!-- Generated by org.testng.reporters.JUnitReportReporter -->
<testsuite hostname="DESKTOP-AT14V6R" failures="0" tests="2" name="grouping.testclass2" time="0.009" errors="0" timestamp="2022-10-31T20:36:17 IST" skipped="0">
  <testcase classname="grouping.testclass2" name="tc01" time="0.008"/>
  <system-out/>
  <testcase classname="grouping.testclass2" name="tc02" time="0.001"/>
  <system-out/>
</testsuite> <!-- grouping.testclass2 -->
