<?xml version="1.0" encoding="UTF-8"?>
<!-- Generated by org.testng.reporters.JUnitReportReporter -->
<testsuite hostname="DESKTOP-AT14V6R" failures="0" tests="5" name="TestDemo.TestClass" time="0.020" errors="0" timestamp="2022-10-30T21:27:33 IST" skipped="0">
  <testcase classname="TestDemo.TestClass" name="testcaseA" time="0.008"/>
  <system-out/>
  <testcase classname="TestDemo.TestClass" name="testcaseB" time="0.002"/>
  <system-out/>
  <testcase classname="TestDemo.TestClass" name="testcaseB" time="0.000"/>
  <system-out/>
  <testcase classname="TestDemo.TestClass" name="testcasec" time="0.010"/>
  <system-out/>
  <testcase classname="TestDemo.TestClass" name="testcased" time="0.000"/>
  <system-out/>
</testsuite> <!-- TestDemo.TestClass -->
