<?xml version="1.0" encoding="UTF-8"?>
<!-- Generated by org.testng.reporters.JUnitReportReporter -->
<testsuite hostname="DESKTOP-AT14V6R" failures="0" tests="1" name="TESTclasspack.TestClasswithBase" time="0.013" errors="0" timestamp="2022-11-02T22:33:24 IST" skipped="0">
  <testcase classname="TESTclasspack.TestClasswithBase" name="TC01" time="0.013"/>
  <system-out/>
</testsuite> <!-- TESTclasspack.TestClasswithBase -->
